[0m00:02:44.877956 [debug] [MainThread]: Sending event: {'category': 'dbt', 'action': 'invocation', 'label': 'start', 'context': [<snowplow_tracker.self_describing_json.SelfDescribingJson object at 0x000001232BF924C0>, <snowplow_tracker.self_describing_json.SelfDescribingJson object at 0x000001232E868B50>, <snowplow_tracker.self_describing_json.SelfDescribingJson object at 0x000001232E868970>]}


============================== 00:02:44.885962 | 920c5815-d03a-4412-8aa7-f0546f7a0ddb ==============================
[0m00:02:44.885962 [info ] [MainThread]: Running with dbt=1.7.5
[0m00:02:44.886957 [debug] [MainThread]: running dbt with arguments {'printer_width': '80', 'indirect_selection': 'eager', 'log_cache_events': 'False', 'write_json': 'True', 'partial_parse': 'True', 'cache_selected_only': 'False', 'profiles_dir': 'C:\\Users\\yodar\\.dbt', 'fail_fast': 'False', 'debug': 'False', 'log_path': 'logs', 'version_check': 'True', 'warn_error': 'None', 'use_colors': 'True', 'use_experimental_parser': 'False', 'no_print': 'None', 'quiet': 'False', 'log_format': 'default', 'invocation_command': 'dbt init dbt_tutorial', 'introspect': 'True', 'static_parser': 'True', 'target_path': 'None', 'warn_error_options': 'WarnErrorOptions(include=[], exclude=[])', 'send_anonymous_usage_stats': 'True'}
[0m00:02:44.887945 [warn ] [MainThread]: [ConfigFolderDirectory]: Unable to parse dict {'dir': WindowsPath('C:/Users/yodar/.dbt')}
[0m00:02:44.888946 [info ] [MainThread]: Creating dbt configuration folder at 
[0m00:02:44.889947 [debug] [MainThread]: Starter project path: C:\Users\yodar\dbt_docker_project\dbt_docker_project\dbt-env\lib\site-packages\dbt\include\starter_project
[0m00:02:44.942488 [info ] [MainThread]: 
Your new dbt project "dbt_tutorial" was created!

For more information on how to configure the profiles.yml file,
please consult the dbt documentation here:

  https://docs.getdbt.com/docs/configure-your-profile

One more thing:

Need help? Don't hesitate to reach out to us via GitHub issues or on Slack:

  https://community.getdbt.com/

Happy modeling!

[0m00:02:44.944487 [info ] [MainThread]: Setting up your profile.
[0m00:09:43.533406 [error] [MainThread]: Encountered an error:
list index out of range
[0m00:09:43.536398 [error] [MainThread]: Traceback (most recent call last):
  File "C:\Users\yodar\dbt_docker_project\dbt_docker_project\dbt-env\lib\site-packages\dbt\cli\requires.py", line 91, in wrapper
    result, success = func(*args, **kwargs)
  File "C:\Users\yodar\dbt_docker_project\dbt_docker_project\dbt-env\lib\site-packages\dbt\cli\requires.py", line 76, in wrapper
    return func(*args, **kwargs)
  File "C:\Users\yodar\dbt_docker_project\dbt_docker_project\dbt-env\lib\site-packages\dbt\cli\main.py", line 515, in init
    results = task.run()
  File "C:\Users\yodar\dbt_docker_project\dbt_docker_project\dbt-env\lib\site-packages\dbt\task\init.py", line 344, in run
    self.setup_profile(profile_name)
  File "C:\Users\yodar\dbt_docker_project\dbt_docker_project\dbt-env\lib\site-packages\dbt\task\init.py", line 263, in setup_profile
    adapter = self.ask_for_adapter_choice()
  File "C:\Users\yodar\dbt_docker_project\dbt_docker_project\dbt-env\lib\site-packages\dbt\task\init.py", line 245, in ask_for_adapter_choice
    return available_adapters[numeric_choice - 1]
IndexError: list index out of range

[0m00:09:43.539398 [debug] [MainThread]: Command `dbt init` failed at 00:09:43.538397 after 418.70 seconds
[0m00:09:43.539398 [debug] [MainThread]: Sending event: {'category': 'dbt', 'action': 'invocation', 'label': 'end', 'context': [<snowplow_tracker.self_describing_json.SelfDescribingJson object at 0x000001232BF924C0>, <snowplow_tracker.self_describing_json.SelfDescribingJson object at 0x000001232E8817F0>, <snowplow_tracker.self_describing_json.SelfDescribingJson object at 0x000001232E881880>]}
[0m00:09:43.540397 [debug] [MainThread]: Flushing usage events
[0m00:10:35.793343 [debug] [MainThread]: Sending event: {'category': 'dbt', 'action': 'invocation', 'label': 'start', 'context': [<snowplow_tracker.self_describing_json.SelfDescribingJson object at 0x000001909D9DB5E0>, <snowplow_tracker.self_describing_json.SelfDescribingJson object at 0x00000190A02B7BB0>, <snowplow_tracker.self_describing_json.SelfDescribingJson object at 0x00000190A02B7970>]}


============================== 00:10:35.800361 | 21bf46f9-f2b9-4c6f-9957-472c22a6ecfa ==============================
[0m00:10:35.800361 [info ] [MainThread]: Running with dbt=1.7.5
[0m00:10:35.802351 [debug] [MainThread]: running dbt with arguments {'printer_width': '80', 'indirect_selection': 'eager', 'write_json': 'True', 'log_cache_events': 'False', 'partial_parse': 'True', 'cache_selected_only': 'False', 'warn_error': 'None', 'fail_fast': 'False', 'debug': 'False', 'log_path': 'logs', 'version_check': 'True', 'profiles_dir': 'C:\\Users\\yodar\\.dbt', 'use_colors': 'True', 'use_experimental_parser': 'False', 'no_print': 'None', 'quiet': 'False', 'log_format': 'default', 'static_parser': 'True', 'introspect': 'True', 'invocation_command': 'dbt init dbt_tutorial', 'target_path': 'None', 'warn_error_options': 'WarnErrorOptions(include=[], exclude=[])', 'send_anonymous_usage_stats': 'True'}
[0m00:10:35.803340 [info ] [MainThread]: A project called dbt_tutorial already exists here.
[0m00:10:35.805363 [debug] [MainThread]: Command `dbt init` succeeded at 00:10:35.805363 after 0.06 seconds
[0m00:10:35.806352 [debug] [MainThread]: Sending event: {'category': 'dbt', 'action': 'invocation', 'label': 'end', 'context': [<snowplow_tracker.self_describing_json.SelfDescribingJson object at 0x000001909D9DB5E0>, <snowplow_tracker.self_describing_json.SelfDescribingJson object at 0x00000190A02B7A60>, <snowplow_tracker.self_describing_json.SelfDescribingJson object at 0x00000190A02B7DC0>]}
[0m00:10:35.806352 [debug] [MainThread]: Flushing usage events
